-0.000000
-0.000119
0.000194
-0.000198
0.000125
-0.000000
-0.000131
0.000218
-0.000225
0.000144
-0.000000
-0.000155
0.000262
-0.000273
0.000177
-0.000000
-0.000193
0.000328
-0.000344
0.000223
-0.000000
-0.000246
0.000419
-0.000440
0.000286
-0.000000
-0.000316
0.000537
-0.000564
0.000366
-0.000000
-0.000403
0.000684
-0.000717
0.000465
-0.000000
-0.000510
0.000864
-0.000904
0.000585
-0.000000
-0.000639
0.001080
-0.001128
0.000728
-0.000000
-0.000792
0.001337
-0.001394
0.000897
-0.000000
-0.000973
0.001639
-0.001705
0.001096
-0.000000
-0.001185
0.001992
-0.002069
0.001328
-0.000000
-0.001432
0.002404
-0.002495
0.001600
-0.000000
-0.001720
0.002886
-0.002992
0.001917
-0.000000
-0.002059
0.003452
-0.003577
0.002291
-0.000000
-0.002459
0.004122
-0.004270
0.002735
-0.000000
-0.002936
0.004924
-0.005103
0.003270
-0.000000
-0.003516
0.005901
-0.006122
0.003927
-0.000000
-0.004235
0.007121
-0.007403
0.004759
-0.000000
-0.005157
0.008696
-0.009070
0.005851
-0.000000
-0.006393
0.010830
-0.011352
0.007365
-0.000000
-0.008154
0.013920
-0.014717
0.009639
-0.000000
-0.010915
0.018885
-0.020273
0.013511
-0.000000
-0.015972
0.028392
-0.031469
0.021792
-0.000000
-0.028617
0.054813
-0.067088
0.053369
-0.000000
-0.124701
0.605479
0.605479
-0.124701
-0.000000
0.053369
-0.067088
0.054813
-0.028617
-0.000000
0.021792
-0.031469
0.028392
-0.015972
-0.000000
0.013511
-0.020273
0.018885
-0.010915
-0.000000
0.009639
-0.014717
0.013920
-0.008154
-0.000000
0.007365
-0.011352
0.010830
-0.006393
-0.000000
0.005851
-0.009070
0.008696
-0.005157
-0.000000
0.004759
-0.007403
0.007121
-0.004235
-0.000000
0.003927
-0.006122
0.005901
-0.003516
-0.000000
0.003270
-0.005103
0.004924
-0.002936
-0.000000
0.002735
-0.004270
0.004122
-0.002459
-0.000000
0.002291
-0.003577
0.003452
-0.002059
-0.000000
0.001917
-0.002992
0.002886
-0.001720
-0.000000
0.001600
-0.002495
0.002404
-0.001432
-0.000000
0.001328
-0.002069
0.001992
-0.001185
-0.000000
0.001096
-0.001705
0.001639
-0.000973
-0.000000
0.000897
-0.001394
0.001337
-0.000792
-0.000000
0.000728
-0.001128
0.001080
-0.000639
-0.000000
0.000585
-0.000904
0.000864
-0.000510
-0.000000
0.000465
-0.000717
0.000684
-0.000403
-0.000000
0.000366
-0.000564
0.000537
-0.000316
-0.000000
0.000286
-0.000440
0.000419
-0.000246
-0.000000
0.000223
-0.000344
0.000328
-0.000193
-0.000000
0.000177
-0.000273
0.000262
-0.000155
-0.000000
0.000144
-0.000225
0.000218
-0.000131
-0.000000
0.000125
-0.000198
0.000194
-0.000119
-0.000000
