-0.000156
-0.000473
-0.000797
-0.001132
-0.001480
-0.001844
-0.002227
-0.002631
-0.003059
-0.003513
-0.003996
-0.004510
-0.005056
-0.005637
-0.006254
-0.006907
-0.007598
-0.008327
-0.009095
-0.009901
-0.010744
-0.011623
-0.012537
-0.013484
-0.014462
-0.015466
-0.016495
-0.017543
-0.018608
-0.019682
-0.020762
-0.021841
-0.022913
-0.023971
-0.025008
-0.026015
-0.026985
-0.027908
-0.028777
-0.029580
-0.030309
-0.030954
-0.031504
-0.031948
-0.032275
-0.032476
-0.032538
-0.032451
-0.032203
-0.031783
-0.031181
-0.030384
-0.029382
-0.028165
-0.026723
-0.025044
-0.023120
-0.020940
-0.018497
-0.015782
-0.012786
-0.009504
-0.005928
-0.002052
0.002129
0.006618
0.011420
0.016538
0.021972
0.027725
0.033795
0.040183
0.046886
0.053900
0.061223
0.068849
0.076772
0.084985
0.093480
0.102248
0.111278
0.120560
0.130081
0.139829
0.149788
0.159945
0.170283
0.180786
0.191435
0.202213
0.213101
0.224079
0.235126
0.246222
0.257346
0.268474
0.279586
0.290658
0.301668
0.312592
0.323407
0.334091
0.344619
0.354969
0.365118
0.375043
0.384721
0.394131
0.403250
0.412058
0.420534
0.428659
0.436412
0.443777
0.450734
0.457267
0.463361
0.469001
0.474174
0.478866
0.483066
0.486764
0.489950
0.492618
0.494760
0.496371
0.497448
0.497987
0.497987
0.497448
0.496371
0.494760
0.492618
0.489950
0.486764
0.483066
0.478866
0.474174
0.469001
0.463361
0.457267
0.450734
0.443777
0.436412
0.428659
0.420534
0.412058
0.403250
0.394131
0.384721
0.375043
0.365118
0.354969
0.344619
0.334091
0.323407
0.312592
0.301668
0.290658
0.279586
0.268474
0.257346
0.246222
0.235126
0.224079
0.213101
0.202213
0.191435
0.180786
0.170283
0.159945
0.149788
0.139829
0.130081
0.120560
0.111278
0.102248
0.093480
0.084985
0.076772
0.068849
0.061223
0.053900
0.046886
0.040183
0.033795
0.027725
0.021972
0.016538
0.011420
0.006618
0.002129
-0.002052
-0.005928
-0.009504
-0.012786
-0.015782
-0.018497
-0.020940
-0.023120
-0.025044
-0.026723
-0.028165
-0.029382
-0.030384
-0.031181
-0.031783
-0.032203
-0.032451
-0.032538
-0.032476
-0.032275
-0.031948
-0.031504
-0.030954
-0.030309
-0.029580
-0.028777
-0.027908
-0.026985
-0.026015
-0.025008
-0.023971
-0.022913
-0.021841
-0.020762
-0.019682
-0.018608
-0.017543
-0.016495
-0.015466
-0.014462
-0.013484
-0.012537
-0.011623
-0.010744
-0.009901
-0.009095
-0.008327
-0.007598
-0.006907
-0.006254
-0.005637
-0.005056
-0.004510
-0.003996
-0.003513
-0.003059
-0.002631
-0.002227
-0.001844
-0.001480
-0.001132
-0.000797
-0.000473
-0.000156
