-0.000000
0.000000
0.001997
-0.001448
-0.000596
0.000135
-0.000036
-0.000156
-0.000052
0.000126
0.000123
-0.000056
-0.000155
-0.000032
0.000137
0.000110
-0.000075
-0.000152
-0.000011
0.000146
0.000094
-0.000092
-0.000147
0.000009
0.000152
0.000077
-0.000108
-0.000138
0.000030
0.000155
0.000058
-0.000122
-0.000128
0.000050
0.000156
0.000039
-0.000134
-0.000115
0.000069
0.000154
0.000018
-0.000143
-0.000100
0.000087
0.000149
-0.000002
-0.000150
-0.000083
0.000103
0.000141
-0.000023
-0.000154
-0.000065
0.000118
0.000131
-0.000043
-0.000156
-0.000045
0.000130
0.000119
-0.000063
-0.000155
-0.000025
0.000140
0.000105
-0.000081
-0.000151
-0.000005
0.000148
0.000089
-0.000098
-0.000144
0.000016
0.000153
0.000071
-0.000113
-0.000135
0.000036
0.000156
0.000052
-0.000126
-0.000123
0.000056
0.000155
0.000032
-0.000137
-0.000110
0.000075
0.000152
0.000011
-0.000146
-0.000094
0.000092
0.000147
-0.000009
-0.000152
-0.000077
0.000108
0.000138
-0.000030
-0.000155
-0.000058
0.000122
0.000128
-0.000050
-0.000156
-0.000039
0.000134
0.000115
-0.000069
-0.000154
-0.000018
0.000143
0.000100
-0.000087
-0.000149
0.000002
0.000150
0.000083
-0.000103
-0.000141
0.000023
0.000154
0.000065
-0.000118
