0.000000,
0.087156,
0.173648,
0.258819,
0.342020,
0.422618,
0.500000,
0.573576,
0.642788,
0.707107,
0.766044,
0.819152,
0.866025,
0.906308,
0.939693,
0.965926,
0.984808,
0.996195,
1.000000,
0.996195,
0.984808,
0.965926,
0.939693,
0.906308,
0.866025,
0.819152,
0.766044,
0.707107,
0.642788,
0.573576,
0.500000,
0.422618,
0.342020,
0.258819,
0.173648,
0.087156,
0.000000,
-0.087156,
-0.173648,
-0.258819,
-0.342020,
-0.422618,
-0.500000,
-0.573576,
-0.642788,
-0.707107,
-0.766044,
-0.819152,
-0.866025,
-0.906308,
-0.939693,
-0.965926,
-0.984808,
-0.996195,
-1.000000,
-0.996195,
-0.984808,
-0.965926,
-0.939693,
-0.906308,
-0.866025,
-0.819152,
-0.766044,
-0.707107,
-0.642788,
-0.573576,
-0.500000,
-0.422618,
-0.342020,
-0.258819,
-0.173648,
-0.087156,
-0.000000,
0.087156,
0.173648,
0.258819,
0.342020,
0.422618,
0.500000,
0.573576,
0.642788,
0.707107,
0.766044,
0.819152,
0.866025,
0.906308,
0.939693,
0.965926,
0.984808,
0.996195,
1.000000,
0.996195,
0.984808,
0.965926,
0.939693,
0.906308,
0.866025,
0.819152,
0.766044,
0.707107,
