0.000000
0.207459
-0.219114
-0.034886
-0.449154
-0.261432
-0.197377
0.135457
0.252614
0.298607
0.176817
-0.307042
-0.079397
-0.387519
0.023334
-0.180943
-0.081676
-0.275867
-0.177586
-0.340011
-0.253666
-0.366224
-0.301453
-0.351590
-0.315628
-0.297737
-0.294578
-0.210656
-0.240669
-0.100091
-0.159922
0.021656
-0.061316
0.140970
0.044105
0.244560
0.144616
0.320869
0.229001
0.361392
0.287833
0.361588
0.314555
0.321459
0.306190
0.245464
0.263667
0.142079
0.191724
0.022845
0.098391
-0.098938
-0.005904
-0.209669
-0.109546
-0.297020
-0.200970
-0.351238
-0.269976
-0.366277
-0.308871
-0.340460
-0.313299
-0.276655
-0.282784
-0.181999
-0.220727
-0.067016
-0.134024
0.055427
-0.032397
0.171679
0.072845
0.268791
0.169981
0.335914
0.248139
0.365562
0.298618
0.354441
0.315798
0.303768
0.297726
0.219205
0.246451
0.110205
0.167700
-0.011093
0.070223
-0.131172
-0.035095
-0.236602
-0.136482
-0.315636
-0.222641
-0.359467
-0.283980
-0.363203
-0.313638
-0.326401
-0.308282
-0.253188
-0.268551
-0.151750
-0.198879
-0.033378
-0.107001
0.088723
-0.003187
0.200920
0.100973
0.290709
0.193876
0.348062
0.265144
0.366589
0.306835
0.344224
0.314306
0.283465
0.286710
0.191066
0.227119
0.077374
0.142214
-0.044963
0.041428
-0.162277
-0.063976
-0.261506
-0.162248
-0.331540
-0.242411
-0.364611
-0.295543
-0.356998
-0.315705
-0.309562
-0.300643
-0.227582
-0.252037
-0.120217
-0.175325
0.000540
-0.079061
0.121246
0.026026
0.228420
0.128216
0.310140
0.216115
0.357242
0.279882
0.364488
0.312428
0.331065
0.310120
0.260729
0.273235
0.161315
0.205871
0.043898
0.115524
-0.078431
0.012283
-0.192000
-0.092308
-0.284153
-0.186610
-0.344613
-0.260103
-0.366616
-0.304561
-0.347727
-0.315059
-0.290055
-0.290419
-0.200010
-0.233351
-0.087660
-0.150275
0.034448
-0.050450
0.152731
0.055038
0.253986
0.154373
0.326895
0.236478
0.363350
0.292221
0.359259
0.315343
0.315071
0.303281
0.235769
0.257424
0.130152
0.182824
0.010016
0.087822
-0.111241
-0.016960
-0.220075
-0.119856
-0.304389
-0.209400
-0.354722
-0.275556
-0.365471
-0.310969
-0.335466
-0.311713
-0.268059
-0.277700
-0.170726
-0.212669
-0.054330
-0.123908
0.068091
-0.021378
0.182908
0.083556
0.277358
0.179207
0.340870
0.254845
0.366324
0.302028
0.350922
0.315536
0.296390
0.293868
0.208790
0.239398
0.097889
0.158212
-0.023937
0.059389
-0.143084
-0.046065
-0.246278
-0.146379
-0.321973
-0.230345
-0.361766
-0.288637
-0.361211
-0.314734
-0.320359
-0.305710
-0.243760
-0.262576
-0.139979
-0.190165
-0.020575
-0.096533
0.101117
-0.407054
-0.180066
-0.625207
-0.298371
-0.161141
0.314598
0.396862
0.492029
0.271957
-0.024051
0.107915
-0.046526
0.281907
0.180008
0.219314
0.064780
0.132246
-0.057686
0.030428
-0.173689
-0.074752
-0.270331
-0.171627
-0.336819
-0.249352
-0.365726
-0.299244
-0.353841
-0.315777
-0.302491
-0.297074
-0.217374
-0.245213
-0.108025
-0.166027
0.013380
-0.068302
0.133300
0.037047
0.238332
0.138239
0.316789
0.224036
0.152965
