0.123456789
0.852321569719618
0.891559230411004
0.0802816748428135
-0.807581690968336
-0.925041371738203
-0.160045086043251
0.757628415392720
0.952551847531460
0.238775315644031
-0.702784219655085
-0.973913062101399
-0.315964115459776
0.643403154075158
0.988987116719693
0.391113188106663
-0.579868557034903
-0.997676699833400
-0.463737403794016
0.512590580312337
0.999925715266099
0.533367932111660
-0.442003541319696
-0.995719644350459
-0.599555268595492
0.368563119338771
0.985085639654449
0.661872136533216
-0.292743413853263
-0.968092349696147
-0.719916245277281
0.215033883968319
0.944849475778709
0.773312887258672
-0.135936188675039
-0.915507063806374
-0.821717356936336
0.0559609483578025
0.880254535653247
0.864817176066493
0.0243755515492913
-0.839319466337903
-0.902334110926544
-0.104554693477050
0.792966114897856
0.934025968471188
0.184058875691088
-0.741493718447948
-0.959688159825614
-0.262374853703929
