0.000000
0.207459
0.195804
0.356722
0.287442
0.335305
0.166259
0.172753
0.126740
0.172733
0.214113
0.056594
0.125731
-0.065840
0.023334
-0.180943
-0.081676
-0.275867
-0.177586
-0.340011
-0.253666
-0.366224
-0.301453
-0.351590
-0.315628
-0.297737
-0.294578
-0.210656
-0.240669
-0.100091
-0.159922
0.021656
-0.061316
0.140970
0.044105
0.244560
0.144616
0.320869
0.229001
0.361392
0.287833
0.361588
0.314555
0.321459
0.306190
0.245464
0.263667
0.142079
0.191724
0.022845
0.098391
-0.098938
-0.005904
-0.209669
-0.109546
-0.297020
-0.200970
-0.351238
-0.269976
-0.366277
-0.308871
-0.340460
-0.313299
-0.276655
-0.282784
-0.181999
-0.220727
-0.067016
-0.134024
0.055427
-0.032397
0.171679
0.072845
0.268791
0.169981
0.335914
0.248139
0.365562
0.298618
0.354441
0.315798
0.303768
0.297726
0.219205
0.246451
0.110205
0.167700
-0.011093
0.070223
-0.131172
-0.035095
-0.236602
-0.136482
-0.315636
-0.222641
-0.359467
-0.283980
-0.363203
-0.313638
-0.326401
-0.308282
-0.253188
-0.268551
-0.151750
-0.198879
-0.033378
-0.107001
0.088723
-0.003187
0.200920
0.100973
0.290709
0.193876
0.348062
0.265144
0.366589
0.306835
0.344224
0.314306
0.283465
0.286710
0.191066
0.227119
0.077374
0.142214
-0.044963
0.041428
-0.162277
-0.063976
-0.261506
-0.162248
-0.331540
-0.242411
-0.364611
-0.295543
-0.356998
-0.315705
-0.309562
-0.300643
-0.227582
-0.252037
-0.120217
-0.175325
0.000540
-0.079061
0.121246
0.026026
0.228420
0.128216
0.310140
