0.000000
-0.025986
-0.046840
-0.033934
-0.067646
-0.042350
-0.049280
-0.052575
-0.008645
-0.036827
0.030204
0.059597
0.079228
0.163918
0.133861
0.218902
0.227213
0.209904
0.303695
0.232849
0.323644
0.302397
0.255903
0.364123
0.232397
0.352791
0.346938
0.298625
0.473945
0.279541
0.414217
0.377284
0.258249
0.479907
0.223459
0.437109
0.400937
0.243456
0.555748
0.174813
0.416887
0.317418
0.089272
0.531856
-0.013576
0.406652
0.310384
0.017653
0.698274
-0.072082
0.610871
0.466729
0.025250
1.103470
-0.243854
0.925413
0.521698
-0.288702
1.855817
-1.288890
1.906770
0.145246
-2.107172
9.497435
-46.257965
-160.726486
-232.655304
-280.777374
-310.164917
-302.570984
-282.823364
-231.343857
-160.327408
-57.650719
134.495438
369.292542
596.572632
809.133667
1002.256958
1187.767212
1326.284790
1422.657349
1541.696411
1659.287842
1732.703369
1758.737427
1755.456665
1758.924561
1788.483032
1873.022217
2009.032227
2139.819336
2212.601318
2195.171875
2144.273438
2108.843750
2060.937256
2049.955811
2104.293701
2164.835693
2199.229004
2189.038574
2155.704346
2061.544678
1850.061768
1667.292725
1588.507324
1528.583862
1504.673340
1523.262085
1564.657837
1654.012695
1788.513672
1988.879517
2221.090576
2401.092529
2537.227539
2640.666748
2707.239258
2739.915283
2726.407471
2710.350342
2703.797363
2641.782227
2522.779297
2404.862305
2321.281982
2267.916260
2240.202637
2229.792480
2186.275635
2068.556396
1879.585083
1673.451782
1543.943237
1509.206055
1525.969727
1571.653931
1592.640381
1544.082886
1455.009155
1362.592529
1260.916870
1128.733765
1006.332520
956.144104
959.130920
979.354797
1019.300171
1077.970093
1151.390015
1243.455444
1357.169556
1471.795044
1563.339355
1636.244019
1683.732544
1695.845703
1688.978271
1674.283569
1647.698608
1604.783325
1548.536133
1477.289062
1395.519409
1325.772949
1268.015991
1217.447388
1183.004395
1151.781250
1106.520386
1041.937012
972.164429
931.600098
943.217041
994.593933
1031.896118
1036.408447
1051.524902
1088.107056
1129.819214
1170.677002
1202.587769
1229.911255
1258.229736
1286.459717
1313.571899
1337.270630
1359.072632
1375.120728
1386.907715
1402.976807
1420.688477
1435.802368
1448.357056
1463.576050
1483.228638
1504.357178
1531.373657
1560.425781
1588.017090
1620.333374
1655.237793
1692.916504
1735.084961
1778.046265
1818.373901
1853.252075
1889.817017
1928.257812
1960.204590
1993.819092
2030.830933
2065.562256
2103.954102
2141.578369
2171.104736
2198.195557
2226.772217
2254.865234
2277.448730
2295.736084
2315.092041
2332.766357
2347.921143
2360.244873
2367.956543
2375.900391
2384.527832
2393.298828
2402.578613
2407.849121
2410.539062
2410.003662
2406.481689
2406.369385
2405.107422
2402.743896
2404.224365
2403.786865
2399.836914
2391.295654
2378.128174
2364.251221
2346.731201
2326.428711
2305.089600
2285.583496
2272.282715
2254.920410
2234.299072
2218.303223
2198.390381
2180.858398
2171.053955
2158.993896
2151.795410
2151.449707
2150.565918
2154.460205
2163.315918
2175.674805
2193.592285
2214.410156
2237.072021
2260.616943
2287.393555
2317.188965
2344.109863
2370.718262
2394.425293
2410.934326
2426.215820
2439.284180
2452.375000
2468.839355
2482.507324
2497.403076
2512.937012
2520.558838
2525.849854
2532.729248
2538.374268
2539.639404
2535.079102
2531.743408
2530.512451
2527.471436
2524.204834
2518.266846
2510.140381
2503.046631
2497.266846
2494.727295
2490.098145
2480.646973
2472.005615
2461.098389
2448.317627
2439.538330
2429.263916
2411.967529
2390.949951
2371.157471
2351.533691
2328.429932
2303.834717
2275.732178
2241.677734
2207.111816
2170.793945
2131.487305
2094.906006
2061.680664
2031.501343
2001.603516
1971.563721
1949.276733
1930.311768
1910.172241
1895.224121
1880.778320
1864.334229
1849.613525
1836.278809
1827.555786
1820.074829
1810.563110
1800.693604
1787.604004
1774.918091
1761.845337
1745.959717
1733.644409
1721.701904
1709.660522
1699.546509
1686.236572
1674.358154
1665.872070
1653.131836
1634.642822
1619.609985
1610.936401
1594.764648
1572.575806
1555.095459
1537.390747
1520.691895
1506.435547
1490.880737
1478.886719
1470.177856
1462.711548
1459.904297
1460.885132
1467.266602
1481.308472
1495.079956
1505.110718
1515.289795
1524.031372
1533.123047
1542.807983
1547.675171
1550.159546
1552.583496
1554.620117
1556.166260
1559.329834
1565.599731
1568.187988
1572.795898
1582.393921
1588.134521
1600.472534
1617.502686
1627.067749
1638.448486
1652.737183
1663.354492
1670.149902
1677.772461
1686.897705
1690.538940
1697.312134
1711.805664
1724.646362
1735.460083
1744.514282
1758.313232
1779.541992
1796.399658
1808.663696
1821.776001
1835.796265
1850.740234
1864.763794
1874.323242
1878.696655
1883.029297
1888.777100
1892.814453
1890.850708
1881.852417
1875.452148
1874.142822
1873.751343
1875.240479
1876.357666
1878.352051
1884.596680
1893.892456
1903.273804
1909.464111
1914.636353
1918.106323
1918.462891
1921.849976
1928.524536
1932.630615
1932.863647
1935.794922
1942.499268
1944.723877
1947.140991
1954.310669
1958.684570
1961.435791
1965.637085
1968.481201
1966.646240
1958.424927
1950.041504
1946.284668
1946.350708
1949.908813
1954.116699
1960.205811
1969.493530
1976.191040
1981.828247
1988.494873
1991.192261
1995.920288
2008.604004
2022.359009
2034.720337
2044.501953
2050.906982
2061.721924
2075.218750
2085.431152
2096.173096
2105.983643
2114.527344
2125.930908
2135.647949
2141.253662
2145.133545
2147.520264
2149.102295
2150.005615
2149.157471
2146.668945
2145.926758
2145.679199
2143.580078
2145.029297
2148.065918
2150.937988
2158.421143
2169.012939
2185.450439
2207.121582
2229.399658
2254.885254
2279.110107
2299.575684
2317.010010
2331.058350
2346.944092
2359.284668
2368.187256
2382.092773
2394.351074
2405.569092
2419.234863
2429.704102
2443.633301
2465.533203
2486.105225
2503.776855
2522.135742
2536.747070
2548.539062
2562.807373
2574.801514
2583.606445
2593.601318
2604.108154
2614.684570
2625.509766
2638.277100
2652.375488
2665.588623
2681.451416
2701.115234
2720.776611
2737.289062
2753.053467
2771.375732
2788.780518
2805.087158
2820.448242
2831.666748
2840.966797
2847.476807
2849.155518
2849.856934
2849.151611
2844.825684
2841.220215
2838.207275
2829.191895
2817.425049
2807.247314
2793.870850
2776.556152
2758.757568
2739.983398
2712.969482
2675.818115
2634.275146
2585.939697
2533.005615
2478.179688
2415.179688
2351.518311
2295.458740
2244.617920
2196.048828
2145.239746
2095.169922
2046.368530
1994.515747
1945.499268
1901.911133
1859.959473
1821.594116
1792.483887
1769.499756
1744.925293
1722.725586
1704.094116
1687.147949
1676.579346
1667.551025
1657.586792
1649.708374
1640.009766
1633.843628
1635.530762
1637.975098
1642.742188
1654.827026
1670.013794
1679.668945
1682.446289
1687.227051
1691.961548
1686.173950
1675.364624
1665.205444
1651.248169
1637.496216
1626.532959
1613.154053
1601.859985
1595.391357
1582.257324
1561.237427
1542.905029
1524.385742
1501.752319
1481.381714
1465.626831
1453.623901
1439.056274
1420.703003
1409.007568
1397.481567
1379.607178
1363.440308
1347.115479
1334.680054
1328.398438
1318.941650
1312.796509
1311.928711
1313.862915
1325.691528
1340.910034
1358.033569
1379.003174
1393.340454
1404.302246
1417.097656
1433.691650
1455.858887
1469.701416
1475.822266
1483.484985
1486.857544
1490.194946
1496.220093
1499.637329
1504.035522
1511.334473
1520.086182
1527.848389
1537.485229
1551.407715
1562.622314
1575.968384
1592.669922
1603.462280
1613.573486
1623.178345
1632.339355
1648.265503
1661.798340
1670.996948
1684.233643
1700.504150
1722.241089
1748.763062
1775.376953
1803.950928
1833.239014
1860.073853
1885.230713
1914.272583
1948.567139
1977.687012
2001.126465
2025.970825
2048.311035
2064.906738
2073.026611
2075.121338
2078.137939
2072.646240
2059.599121
2052.712891
2046.648071
2039.805542
2034.796265
2025.829346
2016.760742
2010.699951
2004.097290
1992.652954
1973.747314
1952.756958
1930.485840
1907.519043
1890.345581
1875.406982
1857.786987
1840.534790
1824.737793
1807.557861
1790.890869
1780.093872
1775.126831
1775.151001
1775.974243
1774.344971
1774.627197
1774.264160
1776.720703
1788.420166
1799.895020
1810.435181
1819.836792
1823.764526
1833.947021
1848.647095
1860.702271
1877.462769
1890.351196
1894.929077
1905.967285
1922.795654
1938.263428
1953.697388
1970.048218
1990.218872
2013.118286
2035.188965
2057.250244
2078.318848
2102.683594
2132.984619
2160.199707
2183.087158
2203.986816
2218.123535
2226.708008
2235.393799
2245.360107
2256.103271
2269.611816
2284.157227
2295.077393
2303.082031
2309.312256
2317.497314
2328.582031
2337.541260
2349.689941
2365.952393
2381.426270
2399.683105
2416.381592
2432.215820
2453.594238
2470.248047
2479.782959
2487.849121
2490.418945
2492.904785
2499.935791
2503.129639
2505.615234
2511.990723
2515.979248
2521.102539
2528.905518
2534.556885
2542.150635
2547.647217
2546.314209
2543.541504
2536.583496
2526.189453
2517.551758
2506.972412
2496.222168
2488.825684
2480.284180
2469.372559
2455.896484
2438.086670
2420.451660
2405.051270
2391.112305
2380.713867
2368.547363
2354.032959
2344.045898
2333.687256
2321.071289
2311.671387
2303.465820
2295.926270
2291.383545
2286.243408
2280.018311
2279.181641
2280.957275
2281.242676
2283.305908
2281.796631
2276.398682
2270.703125
2262.760254
2260.603271
2259.458008
2250.222900
2240.974365
2227.980469
2211.900146
2202.876709
2194.181152
2182.491211
2173.003174
2165.841064
2159.370117
2152.498535
2143.753906
2132.638916
2121.072266
2108.158691
2095.396729
2084.238770
2068.690430
2048.343994
2025.779663
2004.134521
1986.279175
1969.297974
1956.833740
1948.749268
1941.245728
1938.301758
1935.015381
1929.130493
1925.123901
1921.736084
1922.154419
1924.692017
1921.658447
1914.092651
1906.580933
1901.166016
1897.707520
1894.366699
1885.204956
1871.048340
1861.687256
1855.128418
1848.283203
1846.795776
1848.579712
1850.833252
1855.349487
1859.357788
1860.674194
1859.750732
1855.695923
1851.064331
1847.873657
1843.335815
1838.457275
1830.919678
1816.847290
1805.462280
1801.822144
1798.719849
1791.056519
1778.837769
1765.680908
1753.723633
1743.938599
1734.836548
1722.500610
1710.848145
1702.122803
1693.737793
1686.780151
1679.269043
1672.425049
1672.029175
1674.605469
1672.937988
1668.052856
1662.323975
1652.344727
1642.852905
1639.040161
1633.696777
1631.106567
1637.199829
1643.289429
1648.925659
1657.082520
1668.467773
1683.683716
1695.586304
1706.133789
1720.557373
1733.718384
1745.900391
1757.299805
1765.712158
1773.894043
1782.174438
1787.972168
1785.881226
1777.693359
1772.468872
1769.521118
1767.329346
1762.915771
1751.106812
1738.479492
1727.056763
1714.891479
1705.582275
1697.600830
1693.376709
1694.532593
1695.997070
1697.623901
1696.839966
1694.560669
1697.608154
1705.889404
1718.516602
1732.626465
1746.678467
1763.660278
1780.377563
1800.455566
1829.828491
1860.857666
1889.219849
1912.877930
1931.956177
1955.390137
1980.286743
2001.153320
2022.800049
2044.036865
2062.106445
2077.238525
2092.415283
2108.562256
2119.590820
2131.376953
2145.459473
2150.019775
2149.492188
2144.577881
2131.951660
2124.514648
2121.108887
2113.421387
2104.714355
2094.273193
2083.471191
2076.606934
2069.851318
2057.705078
2042.198608
2030.679443
2024.596558
2019.318115
2011.030273
1998.223999
1985.397705
1977.599487
1972.883545
1972.405884
1977.706055
1982.194092
1987.062622
1997.246826
2011.485352
2032.183716
2055.189209
2077.707764
2107.427246
2138.237793
2162.621826
2186.974854
2213.143799
2233.717041
2248.059570
2266.995117
2285.894531
2296.914062
2310.770996
2324.492920
2334.526855
2349.019287
2360.728760
2365.653320
2365.428223
2357.026855
2344.802490
2331.431396
2315.205322
2294.323730
2270.797607
2248.179443
2221.501953
2191.882568
2162.820801
2132.084473
2107.050049
2088.446777
2070.548096
2059.324463
2051.771484
2041.241211
2035.221680
2034.671021
2033.503906
2033.479980
2035.865723
2038.543091
2040.847290
2042.731689
2046.427002
2055.324219
2068.175537
2082.622559
2103.212158
2130.954590
2157.639893
2182.799316
2209.847412
2237.928467
2270.156250
2304.990479
2336.285400
2361.675049
2380.144287
2395.200928
2408.831299
2421.775879
2434.484863
2439.860596
2440.706787
2442.545654
2438.116943
2428.719238
2418.830078
2407.389404
2395.692627
2382.759277
2370.059082
2354.349365
2328.947266
2301.898926
2279.110840
2255.906494
2230.827637
2206.996826
2186.929443
2166.135742
2143.535400
2123.949707
2105.020264
2084.778320
2065.287842
2048.981445
2034.881226
2016.219482
1996.278931
1980.957031
1967.584717
1959.087402
1952.566772
1940.053101
1924.962769
1907.237427
1887.699463
1871.958008
1856.647949
1842.979004
1832.593018
1819.204224
1803.898560
1787.061890
1768.127075
1752.404175
1741.508057
1737.071167
1735.504883
1731.334351
1728.753296
1724.589478
1718.421509
1720.048218
1724.884766
1727.655762
1731.920654
1737.462891
1746.224121
1758.181641
1772.046875
1791.862549
1816.718628
1840.999756
1861.638550
1882.408691
1906.049438
1925.442749
1942.880859
1964.447998
1981.952759
1993.744629
2003.519897
2009.398682
2013.600952
2016.442505
2017.908691
2020.002075
2021.771973
2026.183105
2032.502686
2034.993530
2035.210938
2037.656738
2040.498779
2037.402100
2032.584473
2028.952026
2015.653198
1997.869385
1982.109009
1958.129761
1932.591064
1911.465332
1887.717407
1868.721924
1856.557739
1844.867310
1835.096313
1824.849854
1815.944702
1809.555176
1798.828491
1788.202393
1779.594116
1769.276733
1759.649170
1745.489014
1729.477295
1720.218018
1710.673340
1699.895508
1690.640381
1681.414307
1677.946899
1677.332764
1675.890747
1680.876099
1689.411865
1695.186768
1699.349609
1700.348633
1698.383057
1695.727295
1689.383667
1681.858398
1678.834229
1677.223022
1679.612427
1689.824097
1697.826050
1702.698120
1712.023438
1718.576172
1718.445801
1718.424316
1716.334229
1712.085938
1711.801880
1714.161499
1720.546265
1729.088379
1734.424683
1744.595825
1758.154541
1769.676025
1787.732178
1808.496094
1828.060425
1853.416382
1880.742676
1904.916016
1929.463135
1958.816772
1987.407593
2009.510864
2032.885620
2057.440186
2077.770752
2097.358154
2116.999268
2136.872314
2158.011719
2180.911865
2205.250488
2228.120361
2249.755371
2267.862793
2279.760742
2285.814453
2284.162842
2278.091797
2270.998047
2263.971680
2260.141602
2258.530518
2259.999268
2265.454102
2270.985840
2274.406250
2275.190674
2274.645020
2274.186768
2277.025146
2284.469238
2290.718262
2297.127197
2306.792969
2316.712402
2328.648438
2341.511475
2353.308838
2368.590576
2386.149414
2402.459717
2419.009277
2435.193359
2451.918457
2471.920410
2490.038818
2504.618896
2519.137939
2528.447510
2533.567627
2540.462158
2545.628662
2548.012207
2549.363525
2553.036621
2561.151123
2567.744629
2573.516113
2582.103027
2588.899902
2590.082275
2588.158203
2586.795166
2581.366943
2572.434814
2566.670654
2559.658936
2551.334961
2544.153320
2537.741699
2536.722656
2532.245605
2517.393799
2500.003906
2479.324951
2456.652100
2436.193604
2413.858887
2390.897461
2369.272949
2346.739014
2326.013916
2310.700195
2300.361328
2292.300293
2285.241943
2280.583740
2277.463867
2276.390869
2281.402344
2289.369873
2296.506104
2306.073730
2318.917969
2333.981201
2349.201904
2365.897949
2388.946533
2412.871094
2433.995361
2454.921143
2473.839111
2491.979736
2507.612793
2518.865234
2526.888428
2526.770508
2522.596436
2519.419189
2511.923584
2498.749023
2478.556396
2454.311279
2431.409912
2406.764893
2381.440430
2355.635986
2325.763184
2297.115234
2272.072998
2246.269531
2220.378418
2195.259277
2169.387451
2145.337158
2122.441895
2095.756592
2069.758789
2049.146240
2028.094360
2007.197998
1993.249268
1982.906860
1974.549561
1972.623779
1973.816772
1977.205322
1982.978638
1986.555908
1991.445679
1996.215210
1998.306885
2003.551147
2005.274414
2000.350952
1995.219116
1989.718018
1986.463623
1983.015625
1975.618896
1967.878540
1959.097046
1949.955444
1938.988892
1925.129883
1915.320557
1908.141357
1897.855591
1884.228516
1868.774292
1849.972534
1823.994141
1796.148804
1769.586182
1740.651001
1713.633057
1689.735840
1665.835693
1642.803223
1621.082642
1603.924683
1592.205688
1583.070190
1578.250244
1577.889648
1581.220337
1589.522095
1599.781006
1610.426025
1621.995605
1632.007080
1642.760864
1655.899292
1667.116577
1679.203003
1695.948975
1712.272827
1725.614502
1739.599731
1755.644531
1772.728638
1793.677734
1818.122803
1840.670410
1865.130615
1892.611816
1913.552368
1928.168091
1940.765747
1948.717773
1949.698608
1945.186035
1941.897339
1939.849609
1934.652222
1929.835571
1921.119019
1909.041626
1905.882446
1901.473022
1885.305176
1868.249512
1853.483032
1840.164307
1829.988770
1819.720703
1808.552856
1799.152710
1795.296143
1794.787109
1792.742065
1791.993774
1792.942871
1795.241333
1801.765381
1808.477783
1812.967163
1821.797974
1836.976685
1852.345703
1868.607666
1889.317749
1909.979492
1931.376709
1954.694702
1973.676514
1989.533447
2005.491333
2018.393555
2025.719116
2031.607056
2042.546753
2054.514648
2062.575439
2070.305420
2078.436279
2086.129883
2094.845459
2100.613770
2096.928711
2091.044434
2093.836670
2099.496826
2102.722656
2104.550049
2104.872314
2109.193359
2116.737305
2121.407715
2123.934326
2126.177490
2131.259277
2138.691895
2145.440430
2151.599854
2154.004639
2153.708984
2154.888184
2156.367188
2158.654053
2161.149902
2163.509033
2169.766602
2177.690674
2182.693115
2185.275391
2185.381836
2184.964844
2185.169189
2183.182861
2185.369385
2195.026855
2201.341553
2205.345947
2214.744873
2224.630371
2231.310303
2235.446289
2237.938965
2242.445068
2248.902344
2253.713623
2257.483887
2262.015381
2265.528809
2268.928955
2273.480713
2278.856934
2289.569092
2301.834717
2308.747803
2315.414307
2321.299316
2323.264893
2323.718506
2321.350098
2318.837158
2318.493164
2317.371094
2315.759277
2315.361816
2318.488281
2323.372070
2326.366699
2327.881836
2327.668213
2329.513916
2335.314941
2340.553711
2347.453613
2357.369141
2364.781982
2367.944336
2369.262695
2370.125732
2370.251221
2370.159424
2367.585205
2361.308594
2354.601807
2342.041748
2322.298340
2306.126221
2291.518311
2273.766846
2257.292725
2241.889893
2227.520752
2209.036865
2180.572266
2152.395508
2126.080566
2095.120605
2064.873291
2035.024902
2005.335083
1978.192017
1948.927368
1922.858276
1903.397095
1886.277222
1874.072021
1864.863281
1855.687744
1846.377319
1839.814331
1839.794312
1837.094849
1833.643433
1838.107178
1841.707886
1845.188110
1851.979614
1858.626709
1868.761719
1879.416504
1886.580444
1891.211060
1897.481567
1909.997070
1919.900635
1926.384644
1933.979980
1932.317993
1923.879272
1916.374390
1903.930908
1886.565674
1867.877075
1850.447510
1837.798950
1827.584595
1819.777100
1813.952759
1803.585449
1790.964966
1777.650024
1760.586182
1747.769287
1737.770630
1723.467651
1710.779663
1695.593872
1675.114502
1660.410156
1650.490479
1637.399536
1622.862549
1613.109985
1604.416260
1592.392090
1585.531616
1584.751099
1586.426270
1591.366333
1597.279419
1608.994995
1627.864624
1646.982788
1662.093262
1670.121460
1677.273315
1686.389893
1694.696533
1707.888306
1721.851685
1731.870972
1745.757812
1763.524414
1783.285278
1807.958374
1832.760498
1850.791748
1862.519409
1870.814575
1878.571167
1886.238281
1891.888184
1899.769531
1908.120117
1910.949951
1915.193237
1918.438354
1913.688110
1908.194092
1898.952271
1879.709351
1857.540771
1836.312622
1813.938965
1790.759277
1771.664062
1759.548706
1753.515869
1754.694458
1759.791626
1762.102783
1763.587891
1768.655273
1773.858643
1777.752808
1782.546509
1785.806641
1789.392456
1793.507324
1793.836792
1795.958740
1801.660522
1810.686157
1828.206421
1847.389648
1862.481323
1876.284546
1890.574585
1908.413086
1928.675415
1952.900146
1981.721436
2007.558472
2032.270142
2057.882080
2079.322266
2095.267090
2105.270020
2112.297607
2114.059082
2107.735840
2104.223877
2104.619385
2104.457275
2108.736816
2115.115967
2122.940918
2134.372314
2140.570312
2137.323242
2130.609131
2127.334961
2126.645264
2119.477539
2106.806885
2096.278564
2087.023682
2076.880615
2065.817383
2054.557129
2045.914062
2042.588135
2047.358643
2057.877930
2065.508057
2068.639648
2073.262695
2080.732910
2091.114258
2108.734619
2131.932373
2152.885498
2171.898926
2194.678711
2218.583252
2238.951416
2259.723633
2280.781982
2295.848145
2309.724854
2329.864746
2352.636719
2373.938965
2394.830078
2414.024414
2428.688477
2442.289307
2454.906738
2460.099854
2463.415283
2469.805908
2473.124023
2474.302979
2472.897705
2467.832764
2465.828613
2462.541992
2454.866943
2449.749023
2443.426025
2435.068359
2430.011230
2422.945801
2411.854248
2398.566650
2382.759766
2370.040771
2359.687744
2349.907227
2346.851807
2346.322510
2345.501221
2349.505859
2355.897705
2364.322998
2374.754883
2384.008301
2393.186768
2403.943115
2419.431885
2436.611084
2450.990967
2467.427002
2484.010010
2496.325928
2504.697021
2509.273682
2512.198242
2510.641602
2506.228516
2502.535400
2493.783936
2484.389160
2477.708252
2467.606689
2458.072754
2449.620361
2437.926514
2424.517822
2407.371338
2385.701416
2360.858398
2333.030762
2306.444336
2280.589844
2251.984375
2223.241943
2193.853027
2164.690186
2140.391602
2116.696777
2092.479492
2071.851807
2051.874023
2032.409058
2013.928711
1995.444946
1980.591675
1967.100708
1952.913574
1942.104370
1933.542358
1925.589233
1919.375854
1914.842407
1911.515869
1907.473999
1901.949707
1896.724487
1894.315918
1896.319580
1900.835449
1907.509888
1918.586060
1933.354614
1952.480835
1974.165283
1990.833740
2005.085571
2021.744873
2032.659058
2034.802124
2033.246094
2027.336304
2016.857178
2004.542725
1991.040039
1978.215698
1966.760376
1951.197876
1931.072144
1912.790894
1893.944092
1869.464111
1840.836792
1809.947388
1780.418579
1753.511841
1727.978760
1708.122681
1694.406494
1682.521973
1674.207031
1670.460083
1665.714233
1659.019653
1658.771851
1665.656250
1669.283569
1671.499634
1681.326904
1694.895874
1710.111938
1730.146362
1750.480225
1769.755981
1787.670410
1799.961914
1811.668213
1823.130249
1824.310059
1819.177856
1818.242065
1819.933594
1820.861694
1824.504883
1833.304688
1841.528687
1841.638916
1835.480591
1828.700806
1820.258545
1809.357300
1797.390869
1783.666626
1770.597168
1758.026367
1743.621582
1730.961914
1719.014160
1706.046143
1696.197998
1689.036743
1683.976807
1680.468018
1676.745972
1675.441284
1673.479370
1669.088013
1669.511841
1672.762329
1673.608398
1675.958618
1682.044800
1690.172241
1699.016968
1708.348511
1719.945801
1735.579224
1753.021851
1769.604004
1792.203125
1823.440918
1851.238159
1873.909424
1898.641357
1922.920776
1945.216064
1966.726562
1986.594482
2004.913330
2021.444702
2035.704712
2045.523682
2051.495361
2056.784668
2061.733643
2069.920166
2080.674072
2088.570312
2095.437012
2098.804199
2094.691162
2088.558105
2083.970703
2081.284912
2078.876465
2073.465332
2067.315674
2061.825928
2054.982666
2050.807129
2054.772217
2061.558350
2063.886230
2067.114502
2074.673096
2081.603516
2089.748047
2099.773438
2109.720459
2122.430420
2131.982666
2136.461182
2147.246094
2164.714844
2185.677246
2212.113525
2238.744873
2262.980225
2288.410400
2316.608643
2346.642578
2375.076660
2401.613770
2427.737061
2452.723633
2474.788086
2489.728760
2498.963867
2508.097656
2515.702637
2521.520996
2529.802246
2538.052734
2540.236084
2537.020264
2531.971436
2527.486816
2523.502197
2515.667480
2507.864014
2504.362549
2494.398438
2477.072021
2459.520264
2437.476807
2412.984619
2389.949951
2364.452881
2337.475098
2311.865479
2289.395020
2271.954102
2261.068604
2256.228271
2252.438232
2248.613037
2244.860352
2241.315430
2242.026611
2243.804932
2243.203613
2240.950684
2238.801758
2243.630371
2249.301758
2248.911865
2251.351562
2256.458252
2263.707275
2273.721680
2280.408691
2289.074951
2295.867188
2295.795898
2300.545166
2303.988281
2303.597412
2309.569092
2312.667969
2309.684814
2304.724365
2295.963867
2287.760498
2278.845215
2268.436768
2257.822266
2242.501709
2226.405273
2210.995361
2194.470703
2179.578613
2162.901855
2145.399170
2127.331299
2103.296143
2077.177490
2050.618408
2022.671509
1994.468628
1964.041992
1933.960449
1902.075317
1867.902222
1839.970215
1812.121582
1781.842529
1759.232422
1742.627930
1732.593384
1728.559814
1722.987061
1720.012085
1719.804932
1720.986694
1730.049316
1742.066162
1753.723999
1768.219971
1783.003540
1801.741943
1828.096436
1856.492554
1883.691284
1909.727173
1931.621338
1947.972534
1963.600586
1978.313354
1986.879883
1991.285889
1994.207275
1994.348511
1989.952026
1980.365356
1968.149902
1952.732788
1931.676147
1907.910278
1882.918335
1855.209717
1826.256836
1796.925415
1767.780640
1740.136841
1710.269043
1680.986938
1660.409302
1641.536255
1621.366821
1608.130981
1597.033325
1584.447754
1576.492554
1573.207031
1570.873047
1565.131104
1556.296753
1551.890869
1553.366821
1556.525635
1563.584106
1578.323486
1596.522461
1613.026245
1626.571777
1638.279541
1652.112061
1666.308350
1677.816284
1691.146240
1706.472656
1719.765503
1730.004272
1739.787842
1753.859253
1767.381714
1775.040894
1781.967773
1788.378418
1792.193726
1793.454834
1789.681152
1783.366821
1776.942139
1771.110596
1768.528931
1766.182373
1763.628418
1767.152344
1777.070190
1785.920410
1790.760254
1798.758667
1808.984131
1813.677979
1817.342407
1824.418457
1832.501831
1841.147949
1853.053711
1871.726685
1892.401733
1908.533203
1921.311768
1932.528564
1944.819702
1959.222412
1971.688110
1982.213013
1994.402832
2006.087891
2015.508911
2026.280762
2038.845337
2054.723877
2072.238525
2083.059326
2091.762451
2102.902832
2111.545898
2119.543213
2128.473877
2139.246582
2151.027832
2160.987305
2172.983398
2186.183350
2200.502441
2217.343994
2230.594727
2238.599121
2241.033691
2243.065674
2249.834961
2251.718262
2248.121338
2245.270020
2242.202637
2240.857178
2240.791016
2241.233887
2245.054199
2249.910889
2251.657959
2252.339600
2253.913330
2255.449219
2260.878662
2268.428223
2275.499023
2289.153076
2305.784912
2320.295166
2335.274902
2349.013184
2361.660156
2373.670654
2388.455322
2406.190674
2420.438232
2435.475342
2450.572510
2459.832520
2466.630859
2472.824219
2479.271484
2484.171387
2489.550537
2497.343018
2499.198486
2497.920898
2497.047119
2491.579834
2483.351807
2473.659668
2464.666260
2456.895752
2448.802979
2441.626709
2431.062012
2419.552002
2411.411133
2399.325439
2382.429932
2364.934326
2344.941162
2324.310547
2306.461914
2284.374756
2259.130371
2241.109375
2220.601807
2191.895752
2167.101562
2147.968018
2132.289795
2117.330811
2099.136719
2080.510498
2064.818604
2054.138184
2046.730225
2043.890991
2047.457520
2051.246582
2057.808350
2069.724854
2082.050781
2094.666992
2104.319824
2111.732422
2122.171143
2133.118896
2145.756592
2161.776855
2175.865723
2188.365234
2201.325439
2209.262695
2211.201660
2210.585205
2204.494629
2192.388428
2177.850342
2160.103271
2135.917969
2109.650635
2090.329102
2072.470947
2052.754639
2038.213989
2021.912476
2005.290649
1997.673096
1990.754272
1981.788940
1973.198853
1966.531616
1968.485352
1975.465698
1982.875488
1990.503540
1994.594849
1996.000122
1999.157104
2007.729614
2018.316162
2026.809448
2036.929810
2046.045288
2055.343506
2070.191162
2080.029785
2080.869141
2080.052734
2075.882324
2065.796875
2049.781738
2028.216797
2002.285645
1972.857300
1943.692383
1915.252075
1886.227539
1857.584473
1829.933350
1810.728271
1800.420654
1787.144165
1772.919312
1764.018066
1757.503052
1753.857056
1749.575806
1740.964478
1735.568604
1734.063965
1730.128418
1724.339966
1716.397095
1706.527344
1699.146240
1694.237793
1692.185547
1696.566284
1704.923584
1712.556885
1722.246338
1734.509644
1743.086182
1752.076538
1763.339478
1768.941040
1775.040771
1783.364990
1787.558716
1794.989990
1805.715576
1815.395142
1825.115356
1833.600220
1845.996582
1862.512207
1880.243286
1901.737549
1922.739990
1939.883057
1953.270874
1968.296875
1988.801758
2003.599365
2013.447144
2026.491089
2034.014648
2034.908325
2038.034058
2039.099731
2032.067261
2023.257324
2015.076416
2006.697388
2002.146973
1995.312134
1986.759277
1986.496582
1987.052246
1986.065918
1991.160034
1999.236694
2010.122681
2024.171021
2035.674072
2046.982300
2061.612793
2076.204102
2092.184814
2109.745850
2124.370117
2139.423096
2155.386230
2173.491211
2200.012939
2225.208740
2243.871582
2261.746094
2274.362793
2284.840576
2299.340332
2312.864502
2321.478516
2325.368896
2331.562744
2340.584717
2342.152344
2341.543945
2344.797363
2341.081055
2332.355713
2328.010498
2325.062988
2324.889648
2324.675049
2317.626709
2312.095703
2308.872803
2305.626709
2309.064941
2313.526611
2314.717529
2312.754639
2305.707520
2303.316162
2307.299316
2310.953613
2317.317139
2325.786133
2334.021729
2343.477783
2351.588867
2358.864746
2371.129639
2385.158691
2393.651611
2402.093506
2412.288818
2418.167725
2425.184326
2434.448975
2442.451172
2453.850830
2465.337158
2476.230957
2488.427490
2493.961182
2497.721924
2502.029541
2499.309570
2497.849121
2499.098877
2498.261230
2496.656250
2488.299561
2478.861328
2474.186768
2468.781006
2467.832520
2467.902588
2461.772949
2456.561035
2456.704102
2462.634521
2467.478516
2468.837891
2478.457275
2494.485596
2508.117676
2520.605957
2532.474609
2543.698486
2557.797607
2576.767334
2595.636963
2612.395508
2630.852295
2647.309082
2660.127441
2672.671143
2682.571289
2690.436279
2697.800781
2702.500488
2705.096924
2703.811279
2697.777588
2689.581787
2676.550049
2659.165283
2641.710205
2623.828369
2605.014648
2581.698975
2553.883301
2526.964600
2497.116943
2463.367920
2428.743408
2390.909668
2352.739746
2316.761963
2284.284912
2254.033203
2221.645752
2197.603516
2182.575684
2159.886963
2132.549805
2108.074463
2083.276123
2060.962646
2044.430542
2029.848633
2013.202393
1996.151978
1979.348267
1963.599243
1954.426758
1949.083252
1944.003906
1942.088257
1942.038452
1945.219360
1952.012085
1958.817383
1966.661011
1974.466553
1984.309204
1998.109131
2007.520996
2011.804688
2015.247314
2017.013672
2019.814819
2023.560669
2024.273804
2021.885864
2018.799072
2017.929199
2019.947998
2024.170288
2027.928467
2029.777344
2033.010742
2034.327881
2028.370361
2015.372070
1994.659180
1970.874756
1950.359863
1932.688843
1912.570679
1883.691406
1852.598145
1825.228027
1796.515869
1772.154297
1751.492920
1723.865479
1696.365356
1673.071777
1648.916382
1628.098999
1609.689575
1589.351440
1571.150635
1556.237305
1542.497803
1529.285767
1514.718140
1502.907349
1499.289429
1499.348511
1502.108032
1509.282227
1515.533447
1584.923462
1643.436646
1690.220825
1725.467529
1748.250366
1759.710449
1761.964966
1754.050903
1731.806396
1697.547729
1654.111938
1600.008301
1543.174438
1484.931885
1415.504395
1335.311523
1248.838257
1160.458008
1070.419067
975.808289
880.678467
782.684937
681.875000
585.620544
489.537964
394.730042
308.055298
225.988373
148.304153
78.402191
16.938629
-36.329380
-81.362274
-116.195290
-139.280701
-149.758621
-148.123657
-132.354996
-101.185211
-58.549480
