3198.0000
3411.0000
3635.0000
3735.0000
3868.0000
3902.0000
3979.0000
4074.0000
4085.0000
4095.0000
2964.0000
652.0000
127.0000
25.0000
4.0000
0.0000
0.0000
1390.0000
1452.0000
414.0000
1163.0000
2004.0000
3669.0000
3996.0000
4076.0000
3175.0000
1180.0000
208.0000
30.0000
2161.0000
3773.0000
4039.0000
4080.0000
4075.0000
2305.0000
380.0000
72.0000
14.0000
6.0000
0.0000
1669.0000
3679.0000
4022.0000
4095.0000
4054.0000
4083.0000
4086.0000
4084.0000
3931.0000
3012.0000
2187.0000
1511.0000
661.0000
122.0000
27.0000
24.0000
6.0000
3.0000
0.0000
3.0000
256.0000
926.0000
1082.0000
1551.0000
1820.0000
1557.0000
1079.0000
747.0000
1159.0000
2368.0000
3347.0000
3192.0000
1927.0000
1544.0000
1926.0000
1966.0000
1925.0000
1514.0000
1185.0000
1059.0000
1085.0000
1024.0000
1061.0000
975.0000
971.0000
834.0000
885.0000
971.0000
972.0000
985.0000
967.0000
1068.0000
1065.0000
1102.0000
1187.0000
1115.0000
1057.0000
1131.0000
1208.0000
1297.0000
1350.0000
1384.0000
1351.0000
1297.0000
1349.0000
1376.0000
1383.0000
1395.0000
1388.0000
1419.0000
1506.0000
1543.0000
1415.0000
1493.0000
1607.0000
1560.0000
1518.0000
1635.0000
1636.0000
1607.0000
1589.0000
1615.0000
1594.0000
1741.0000
1753.0000
1877.0000
1949.0000
2010.0000
2002.0000
2091.0000
2212.0000
2313.0000
2307.0000
2359.0000
2336.0000
2357.0000
2379.0000
2285.0000
2239.0000
2244.0000
2228.0000
2183.0000
2256.0000
2345.0000
2389.0000
2298.0000
2408.0000
2543.0000
2374.0000
2409.0000
2296.0000
2322.0000
2374.0000
2453.0000
2382.0000
2447.0000
2423.0000
2454.0000
2580.0000
2475.0000
2483.0000
2402.0000
2423.0000
2371.0000
2292.0000
2222.0000
2103.0000
2129.0000
2130.0000
2071.0000
2144.0000
2163.0000
2149.0000
2169.0000
2137.0000
1990.0000
2095.0000
2135.0000
2233.0000
2149.0000
2235.0000
2234.0000
2261.0000
2273.0000
2245.0000
2229.0000
2307.0000
2441.0000
2561.0000
2735.0000
2521.0000
2560.0000
2536.0000
2527.0000
2551.0000
2570.0000
2544.0000
2468.0000
2489.0000
2507.0000
2521.0000
2498.0000
2518.0000
2416.0000
2469.0000
2441.0000
2419.0000
2411.0000
2576.0000
2558.0000
2576.0000
2525.0000
2515.0000
2539.0000
2425.0000
2459.0000
2431.0000
2358.0000
2366.0000
2357.0000
2475.0000
2472.0000
2413.0000
2315.0000
2293.0000
2203.0000
2095.0000
2121.0000
2022.0000
2077.0000
2104.0000
2040.0000
2053.0000
1954.0000
2009.0000
1890.0000
1796.0000
1822.0000
1849.0000
1832.0000
1715.0000
1737.0000
1712.0000
1722.0000
1733.0000
1812.0000
1801.0000
1800.0000
1844.0000
1865.0000
1872.0000
1838.0000
1916.0000
1859.0000
1716.0000
1691.0000
1640.0000
1558.0000
1507.0000
1524.0000
1478.0000
1516.0000
1497.0000
1481.0000
1489.0000
1545.0000
1543.0000
1479.0000
1502.0000
1535.0000
1376.0000
1591.0000
1414.0000
1544.0000
1514.0000
1504.0000
1403.0000
1504.0000
1560.0000
1463.0000
1380.0000
1618.0000
1587.0000
1518.0000
1571.0000
1493.0000
1641.0000
1654.0000
1608.0000
1675.0000
1726.0000
1681.0000
1694.0000
1584.0000
1587.0000
1499.0000
1641.0000
1605.0000
1567.0000
1544.0000
1499.0000
1713.0000
1670.0000
1763.0000
1769.0000
1779.0000
1845.0000
1843.0000
1949.0000
1865.0000
1885.0000
1877.0000
1701.0000
1735.0000
1891.0000
1797.0000
1807.0000
1790.0000
1960.0000
1975.0000
1931.0000
2000.0000
1932.0000
1928.0000
1871.0000
1986.0000
1921.0000
1746.0000
1760.0000
1778.0000
1932.0000
1919.0000
1891.0000
1861.0000
1835.0000
1903.0000
1920.0000
1913.0000
1899.0000
1899.0000
2017.0000
2099.0000
2020.0000
2043.0000
1953.0000
2033.0000
1993.0000
2002.0000
1900.0000
1922.0000
1937.0000
2006.0000
2045.0000
1953.0000
1942.0000
1971.0000
1827.0000
1919.0000
1885.0000
1911.0000
1918.0000
2053.0000
1965.0000
1950.0000
1992.0000
1959.0000
2067.0000
2104.0000
2167.0000
2237.0000
2261.0000
2275.0000
2257.0000
2184.0000
2150.0000
2028.0000
2030.0000
2145.0000
2095.0000
2115.0000
2195.0000
2138.0000
2089.0000
2101.0000
2105.0000
2238.0000
2237.0000
2176.0000
2150.0000
2145.0000
2098.0000
2141.0000
2199.0000
2176.0000
2218.0000
2295.0000
2342.0000
2300.0000
2302.0000
2389.0000
2385.0000
2473.0000
2533.0000
2578.0000
2547.0000
2532.0000
2497.0000
2588.0000
2512.0000
2530.0000
2442.0000
2431.0000
2462.0000
2387.0000
2460.0000
2509.0000
2481.0000
2501.0000
2557.0000
2721.0000
2710.0000
2723.0000
2870.0000
2703.0000
2838.0000
2821.0000
2826.0000
2717.0000
2759.0000
2756.0000
2721.0000
2786.0000
2777.0000
2739.0000
2846.0000
2817.0000
2898.0000
2906.0000
2878.0000
2820.0000
2813.0000
2786.0000
2851.0000
2777.0000
2774.0000
2779.0000
2824.0000
2749.0000
2725.0000
2733.0000
2632.0000
2610.0000
2539.0000
2531.0000
2428.0000
2460.0000
2363.0000
2299.0000
2163.0000
2006.0000
2046.0000
2062.0000
1926.0000
1895.0000
1773.0000
1723.0000
1621.0000
1516.0000
1561.0000
1632.0000
1627.0000
1681.0000
1715.0000
1769.0000
1935.0000
1846.0000
1690.0000
1604.0000
1655.0000
1706.0000
1602.0000
1687.0000
1758.0000
1723.0000
1718.0000
1659.0000
1700.0000
1467.0000
1545.0000
1576.0000
1620.0000
1612.0000
1561.0000
1507.0000
1598.0000
1634.0000
1782.0000
1907.0000
1809.0000
1677.0000
1599.0000
1532.0000
1405.0000
1322.0000
1483.0000
1466.0000
1246.0000
1271.0000
1302.0000
1295.0000
1308.0000
1339.0000
1255.0000
1221.0000
1307.0000
1316.0000
1269.0000
1398.0000
1339.0000
1331.0000
1437.0000
1450.0000
1388.0000
1392.0000
1371.0000
1511.0000
1561.0000
1379.0000
1437.0000
1479.0000
1587.0000
1656.0000
1526.0000
1530.0000
1505.0000
1521.0000
1479.0000
1573.0000
1577.0000
1609.0000
1476.0000
1455.0000
1714.0000
1571.0000
1509.0000
1436.0000
1509.0000
1560.0000
1648.0000
1698.0000
1835.0000
1818.0000
1883.0000
1929.0000
1800.0000
1862.0000
1870.0000
1850.0000
1883.0000
1791.0000
1856.0000
1803.0000
1889.0000
1995.0000
1957.0000
2053.0000
2085.0000
2118.0000
2145.0000
2215.0000
2207.0000
2272.0000
2242.0000
2146.0000
2080.0000
2078.0000
1994.0000
2099.0000
2056.0000
1913.0000
1834.0000
1803.0000
1730.0000
1797.0000
1781.0000
1686.0000
1789.0000
1676.0000
1690.0000
1956.0000
1946.0000
1898.0000
1870.0000
1892.0000
1895.0000
1894.0000
1760.0000
1729.0000
1641.0000
1852.0000
1821.0000
1887.0000
1820.0000
1809.0000
1691.0000
1681.0000
1759.0000
1784.0000
1815.0000
1953.0000
2009.0000
1938.0000
1945.0000
1960.0000
1979.0000
2087.0000
2079.0000
2207.0000
2152.0000
2135.0000
2124.0000
2089.0000
2266.0000
2228.0000
2148.0000
2133.0000
2073.0000
2012.0000
2217.0000
2197.0000
2313.0000
2316.0000
2392.0000
2438.0000
2443.0000
2463.0000
2450.0000
2455.0000
2368.0000
2313.0000
2262.0000
2190.0000
2341.0000
2357.0000
2410.0000
2500.0000
2493.0000
2516.0000
2475.0000
2407.0000
2438.0000
2515.0000
2552.0000
2610.0000
2623.0000
2538.0000
2628.0000
2646.0000
2675.0000
2558.0000
2602.0000
2398.0000
2516.0000
2452.0000
2410.0000
2472.0000
2504.0000
2482.0000
2431.0000
2453.0000
2348.0000
2501.0000
2418.0000
2383.0000
2511.0000
2384.0000
2395.0000
2402.0000
2300.0000
2368.0000
2359.0000
2271.0000
2271.0000
2291.0000
2258.0000
2298.0000
2262.0000
2218.0000
2201.0000
2257.0000
2171.0000
2283.0000
2249.0000
2234.0000
2246.0000
2173.0000
2256.0000
2258.0000
2290.0000
2399.0000
2417.0000
2350.0000
2275.0000
2241.0000
2223.0000
2174.0000
2194.0000
2079.0000
2032.0000
1975.0000
1926.0000
1918.0000
2107.0000
2025.0000
2012.0000
1886.0000
1943.0000
2059.0000
2059.0000
2184.0000
2156.0000
2049.0000
2064.0000
2019.0000
2028.0000
1845.0000
1928.0000
1842.0000
1838.0000
1835.0000
1815.0000
1783.0000
1743.0000
1739.0000
1851.0000
1937.0000
1947.0000
1914.0000
1919.0000
1908.0000
1923.0000
1987.0000
1929.0000
1826.0000
1911.0000
1959.0000
1912.0000
1954.0000
1723.0000
1722.0000
1811.0000
1782.0000
1718.0000
1795.0000
1718.0000
1716.0000
1802.0000
1818.0000
1797.0000
1828.0000
1948.0000
1832.0000
1778.0000
1714.0000
1727.0000
1713.0000
1691.0000
1732.0000
1805.0000
1670.0000
1709.0000
1624.0000
1618.0000
1610.0000
1706.0000
1513.0000
1467.0000
1486.0000
1581.0000
1679.0000
1647.0000
1655.0000
1675.0000
1711.0000
1705.0000
1722.0000
1810.0000
1810.0000
1897.0000
1796.0000
1619.0000
1613.0000
1508.0000
1640.0000
1684.0000
1730.0000
1837.0000
1811.0000
1870.0000
1895.0000
1851.0000
1854.0000
1924.0000
1871.0000
1768.0000
1698.0000
1610.0000
1749.0000
1669.0000
1743.0000
1664.0000
1667.0000
1681.0000
1615.0000
1638.0000
1643.0000
1616.0000
1697.0000
1695.0000
1649.0000
1636.0000
1615.0000
1696.0000
1894.0000
1908.0000
1935.0000
2024.0000
2053.0000
2180.0000
2186.0000
2146.0000
2056.0000
2032.0000
2107.0000
2099.0000
2093.0000
1966.0000
2043.0000
2066.0000
2111.0000
2206.0000
2212.0000
2098.0000
2030.0000
2053.0000
2105.0000
2162.0000
2146.0000
2060.0000
2123.0000
2166.0000
2115.0000
2075.0000
2210.0000
2107.0000
2058.0000
2019.0000
2026.0000
1877.0000
1879.0000
1962.0000
1915.0000
1951.0000
2009.0000
1864.0000
1867.0000
1890.0000
1928.0000
2030.0000
2047.0000
2064.0000
2103.0000
2218.0000
2255.0000
2137.0000
2179.0000
2116.0000
2250.0000
2348.0000
2426.0000
2390.0000
2524.0000
2507.0000
2394.0000
2458.0000
2434.0000
2406.0000
2412.0000
2259.0000
2248.0000
2173.0000
2083.0000
2075.0000
2202.0000
2192.0000
2240.0000
2326.0000
2409.0000
2213.0000
2228.0000
2242.0000
2144.0000
2147.0000
2066.0000
1927.0000
1864.0000
1777.0000
1877.0000
1907.0000
1955.0000
1924.0000
1916.0000
2037.0000
2077.0000
2151.0000
2183.0000
2167.0000
2201.0000
2212.0000
2218.0000
2200.0000
2200.0000
2181.0000
2296.0000
2318.0000
2253.0000
2314.0000
2390.0000
2469.0000
2397.0000
2465.0000
2521.0000
2463.0000
2421.0000
2422.0000
2437.0000
2434.0000
2398.0000
2452.0000
2460.0000
2467.0000
2577.0000
2414.0000
2375.0000
2231.0000
2232.0000
2195.0000
2196.0000
2167.0000
2156.0000
2031.0000
1966.0000
1999.0000
1983.0000
1948.0000
2116.0000
2143.0000
2071.0000
2082.0000
2008.0000
1991.0000
1839.0000
1981.0000
2051.0000
2070.0000
1956.0000
1916.0000
1905.0000
1873.0000
1847.0000
1834.0000
1852.0000
1845.0000
1823.0000
1798.0000
1729.0000
1634.0000
1642.0000
1729.0000
1742.0000
1644.0000
1669.0000
1598.0000
1670.0000
1716.0000
1759.0000
1821.0000
1859.0000
1804.0000
1863.0000
1790.0000
1713.0000
1696.0000
1827.0000
1823.0000
1911.0000
1920.0000
1972.0000
1771.0000
1864.0000
1936.0000
1854.0000
1963.0000
1955.0000
2005.0000
2099.0000
2146.0000
2170.0000
2184.0000
2185.0000
2141.0000
2132.0000
1989.0000
1957.0000
2030.0000
2107.0000
1977.0000
1847.0000
1933.0000
1907.0000
1843.0000
1869.0000
1910.0000
1848.0000
1913.0000
1960.0000
1963.0000
2084.0000
2030.0000
2052.0000
1887.0000
1898.0000
1771.0000
1693.0000
1583.0000
1581.0000
1691.0000
1600.0000
1667.0000
1687.0000
1634.0000
1730.0000
1834.0000
1769.0000
1778.0000
1781.0000
1693.0000
1641.0000
1649.0000
1690.0000
1697.0000
1671.0000
1659.0000
1701.0000
1545.0000
1651.0000
1794.0000
1728.0000
1815.0000
1787.0000
1714.0000
1691.0000
1733.0000
1763.0000
1679.0000
1561.0000
1637.0000
1619.0000
1540.0000
1628.0000
1698.0000
1752.0000
1861.0000
1907.0000
1922.0000
1938.0000
1939.0000
1921.0000
1882.0000
1695.0000
1589.0000
1663.0000
1620.0000
1742.0000
1802.0000
2041.0000
2054.0000
2213.0000
2173.0000
2171.0000
2189.0000
2171.0000
2227.0000
2334.0000
2227.0000
2177.0000
2214.0000
2246.0000
2261.0000
2353.0000
2250.0000
2247.0000
2334.0000
2290.0000
2283.0000
2330.0000
2314.0000
2265.0000
2254.0000
2243.0000
2167.0000
2274.0000
2144.0000
2263.0000
2154.0000
2178.0000
2201.0000
2208.0000
2353.0000
2457.0000
2441.0000
2490.0000
2494.0000
2488.0000
2364.0000
2363.0000
2383.0000
2334.0000
2351.0000
2377.0000
2441.0000
2515.0000
2575.0000
2595.0000
2665.0000
2541.0000
2562.0000
2562.0000
2519.0000
2596.0000
2598.0000
2619.0000
2555.0000
2582.0000
2542.0000
2572.0000
2615.0000
2674.0000
2513.0000
2514.0000
2486.0000
2502.0000
2515.0000
2606.0000
2658.0000
2496.0000
2562.0000
2514.0000
2514.0000
2398.0000
2464.0000
2450.0000
2436.0000
2376.0000
2447.0000
2445.0000
2380.0000
2373.0000
2403.0000
2315.0000
2213.0000
2218.0000
2252.0000
2179.0000
2127.0000
1963.0000
2107.0000
2191.0000
2265.0000
2290.0000
2352.0000
2376.0000
2495.0000
2479.0000
2548.0000
2610.0000
2595.0000
2591.0000
2631.0000
2552.0000
2539.0000
2515.0000
2547.0000
2470.0000
2507.0000
2572.0000
2565.0000
2499.0000
2529.0000
2452.0000
2432.0000
2317.0000
2190.0000
2162.0000
2110.0000
2111.0000
2149.0000
2016.0000
2074.0000
2131.0000
2138.0000
2208.0000
2108.0000
2130.0000
2101.0000
2133.0000
2015.0000
2007.0000
1981.0000
1964.0000
1924.0000
1905.0000
2001.0000
1874.0000
1875.0000
1832.0000
1967.0000
1885.0000
1975.0000
1930.0000
1986.0000
2077.0000
2036.0000
2003.0000
2113.0000
2039.0000
2109.0000
2094.0000
2087.0000
2004.0000
2015.0000
1957.0000
1929.0000
1826.0000
1756.0000
1695.0000
1683.0000
1574.0000
1607.0000
1672.0000
1675.0000
1694.0000
1623.0000
1679.0000
1677.0000
1723.0000
1750.0000
1685.0000
1735.0000
1719.0000
1509.0000
1445.0000
1434.0000
1546.0000
1447.0000
1485.0000
1632.0000
1622.0000
1666.0000
1714.0000
1646.0000
1669.0000
1801.0000
1867.0000
1798.0000
1900.0000
1806.0000
1906.0000
1931.0000
1891.0000
1901.0000
1804.0000
1948.0000
1903.0000
1993.0000
1973.0000
1955.0000
1949.0000
1936.0000
1858.0000
1846.0000
1954.0000
2030.0000
1965.0000
1967.0000
1968.0000
1853.0000
1917.0000
1850.0000
1807.0000
1779.0000
1779.0000
1671.0000
1635.0000
1794.0000
1794.0000
1823.0000
1773.0000
1798.0000
1765.0000
1812.0000
1845.0000
1682.0000
1589.0000
1787.0000
2027.0000
1990.0000
1981.0000
1979.0000
2007.0000
2089.0000
2076.0000
2009.0000
1914.0000
1985.0000
2078.0000
2106.0000
2134.0000
2093.0000
2088.0000
2076.0000
2120.0000
2053.0000
2119.0000
2132.0000
2109.0000
2079.0000
2027.0000
2019.0000
2008.0000
2084.0000
2092.0000
2094.0000
2113.0000
2147.0000
2232.0000
2105.0000
2183.0000
2218.0000
2177.0000
2165.0000
2131.0000
2161.0000
2122.0000
2158.0000
2166.0000
2152.0000
2171.0000
2181.0000
2235.0000
2251.0000
2179.0000
2221.0000
2206.0000
2153.0000
2122.0000
2109.0000
2104.0000
2133.0000
2160.0000
2250.0000
2295.0000
2288.0000
2279.0000
2288.0000
2394.0000
2326.0000
2213.0000
2163.0000
2196.0000
2219.0000
2336.0000
2319.0000
2387.0000
2400.0000
2269.0000
2256.0000
2298.0000
2310.0000
2201.0000
2287.0000
2270.0000
2393.0000
2359.0000
2289.0000
2295.0000
2336.0000
2361.0000
2314.0000
2427.0000
2421.0000
2502.0000
2352.0000
2239.0000
2302.0000
2311.0000
2226.0000
2237.0000
2248.0000
2283.0000
2327.0000
2365.0000
2379.0000
2448.0000
2420.0000
2423.0000
2411.0000
2459.0000
2329.0000
2371.0000
2310.0000
2239.0000
2224.0000
2221.0000
2161.0000
2116.0000
2091.0000
2037.0000
2100.0000
2004.0000
1867.0000
1816.0000
1818.0000
1906.0000
1848.0000
1985.0000
1952.0000
1847.0000
1839.0000
1795.0000
1778.0000
1734.0000
1782.0000
1873.0000
1911.0000
1835.0000
1939.0000
1880.0000
1874.0000
1847.0000
1851.0000
1888.0000
1990.0000
1917.0000
1885.0000
1907.0000
1780.0000
1849.0000
1980.0000
1932.0000
1943.0000
1841.0000
2037.0000
1913.0000
1894.0000
1962.0000
1903.0000
1902.0000
1841.0000
1856.0000
1850.0000
1813.0000
1746.0000
1563.0000
1453.0000
1483.0000
1513.0000
1538.0000
1705.0000
1667.0000
1677.0000
1726.0000
1808.0000
1761.0000
1838.0000
1686.0000
1627.0000
1519.0000
1553.0000
1551.0000
1575.0000
1564.0000
1650.0000
1569.0000
1570.0000
1590.0000
1571.0000
1593.0000
1698.0000
1594.0000
1662.0000
1739.0000
1722.0000
1799.0000
1911.0000
1968.0000
1973.0000
1935.0000
1975.0000
1950.0000
2038.0000
1874.0000
1843.0000
1856.0000
1889.0000
1901.0000
1851.0000
1850.0000
1820.0000
1801.0000
1934.0000
1887.0000
1907.0000
1859.0000
1839.0000
1730.0000
1768.0000
1812.0000
1864.0000
1865.0000
1845.0000
1849.0000
1793.0000
1764.0000
1669.0000
1718.0000
1493.0000
1581.0000
1568.0000
1623.0000
1631.0000
1861.0000
1899.0000
1895.0000
2012.0000
2176.0000
2150.0000
2088.0000
1933.0000
1831.0000
1828.0000
2071.0000
1895.0000
1834.0000
1853.0000
1949.0000
1963.0000
2025.0000
2016.0000
2071.0000
2208.0000
2251.0000
2329.0000
2183.0000
2092.0000
2114.0000
2172.0000
2196.0000
2264.0000
2243.0000
2253.0000
2111.0000
2074.0000
2171.0000
1999.0000
2010.0000
1985.0000
1981.0000
1907.0000
1992.0000
2045.0000
2143.0000
2114.0000
2128.0000
2052.0000
1988.0000
2171.0000
2077.0000
2010.0000
2125.0000
2126.0000
2147.0000
2165.0000
2120.0000
2152.0000
2228.0000
2177.0000
2209.0000
2285.0000
2315.0000
2383.0000
2463.0000
2437.0000
2367.0000
2274.0000
2328.0000
2469.0000
2482.0000
2560.0000
2572.0000
2447.0000
2496.0000
2499.0000
2509.0000
2488.0000
2476.0000
2457.0000
2463.0000
2439.0000
2555.0000
2456.0000
2345.0000
2403.0000
2366.0000
2380.0000
2315.0000
2296.0000
2372.0000
2379.0000
2407.0000
2395.0000
2338.0000
2384.0000
2402.0000
2399.0000
2393.0000
2317.0000
2347.0000
2311.0000
2277.0000
2334.0000
2349.0000
2352.0000
2488.0000
2468.0000
2488.0000
2493.0000
2582.0000
2619.0000
2692.0000
2612.0000
2575.0000
2576.0000
2547.0000
2491.0000
2520.0000
2408.0000
2563.0000
2450.0000
2450.0000
2384.0000
2367.0000
2245.0000
2128.0000
2139.0000
2140.0000
2142.0000
2082.0000
2133.0000
2245.0000
2197.0000
2232.0000
2239.0000
2169.0000
2157.0000
2182.0000
2061.0000
1951.0000
1944.0000
1875.0000
1834.0000
1892.0000
1893.0000
1854.0000
1843.0000
1839.0000
1834.0000
1829.0000
1910.0000
1920.0000
1924.0000
1952.0000
1920.0000
1889.0000
1933.0000
1901.0000
1971.0000
1925.0000
1992.0000
2089.0000
2087.0000
2090.0000
2125.0000
2056.0000
1963.0000
1891.0000
1952.0000
1972.0000
1988.0000
2022.0000
2078.0000
2022.0000
2063.0000
2067.0000
1960.0000
1847.0000
1818.0000
1674.0000
1715.0000
1572.0000
1421.0000
1518.0000
1616.0000
1683.0000
1690.0000
1736.0000
1704.0000
1648.0000
1528.0000
1527.0000
1666.0000
1647.0000
1598.0000
1633.0000
1724.0000
1872.0000
1881.0000
1932.0000
1880.0000
1920.0000
1897.0000
1860.0000
1925.0000
1868.0000
1897.0000
1868.0000
1890.0000
1638.0000
1698.0000
1821.0000
1852.0000
1773.0000
1756.0000
1756.0000
1763.0000
1724.0000
1711.0000
1728.0000
1801.0000
1690.0000
1758.0000
1775.0000
1867.0000
1780.0000
1835.0000
1819.0000
1738.0000
1542.0000
1600.0000
1561.0000
1603.0000
1612.0000
1648.0000
1544.0000
1519.0000
1589.0000
1635.0000
1723.0000
1804.0000
1734.0000
1879.0000
1857.0000
1834.0000
1852.0000
1844.0000
1902.0000
1939.0000
2001.0000
1863.0000
1936.0000
1922.0000
2081.0000
2102.0000
2084.0000
2060.0000
2098.0000
2116.0000
2117.0000
2104.0000
2117.0000
2082.0000
2114.0000
1929.0000
1903.0000
2067.0000
2147.0000
2193.0000
2171.0000
2043.0000
2048.0000
2040.0000
2047.0000
2075.0000
2157.0000
2144.0000
2106.0000
2113.0000
2050.0000
1959.0000
1954.0000
1908.0000
1967.0000
2126.0000
2215.0000
2219.0000
2160.0000
2122.0000
2233.0000
2365.0000
2239.0000
2342.0000
2310.0000
2402.0000
2187.0000
2342.0000
2364.0000
2394.0000
2388.0000
2466.0000
2479.0000
2507.0000
2551.0000
2581.0000
2658.0000
2647.0000
2601.0000
2665.0000
2607.0000
2593.0000
2512.0000
2568.0000
2471.0000
2367.0000
2349.0000
2439.0000
2463.0000
2379.0000
2416.0000
2412.0000
2481.0000
2446.0000
2298.0000
2277.0000
2321.0000
2243.0000
2268.0000
2297.0000
2248.0000
2302.0000
2297.0000
2224.0000
2243.0000
2157.0000
2016.0000
2103.0000
2076.0000
2199.0000
2220.0000
2219.0000
2257.0000
2343.0000
2431.0000
2420.0000
2447.0000
2410.0000
2292.0000
2201.0000
2279.0000
2337.0000
2337.0000
2317.0000
2267.0000
2287.0000
2255.0000
2253.0000
2315.0000
2120.0000
2256.0000
2301.0000
2278.0000
2309.0000
2259.0000
2112.0000
2131.0000
2052.0000
2160.0000
2164.0000
2071.0000
2141.0000
2100.0000
1997.0000
2011.0000
2161.0000
2035.0000
1954.0000
1815.0000
1770.0000
1747.0000
1723.0000
1767.0000
1622.0000
1699.0000
1695.0000
1642.0000
1741.0000
1624.0000
1640.0000
1556.0000
1640.0000
1688.0000
1719.0000
1775.0000
1761.0000
1841.0000
1951.0000
1975.0000
2001.0000
1974.0000
2154.0000
2087.0000
2071.0000
2018.0000
2020.0000
2037.0000
1964.0000
1996.0000
1994.0000
1933.0000
1896.0000
1990.0000
2011.0000
1919.0000
1806.0000
1827.0000
1765.0000
1740.0000
1584.0000
1709.0000
1621.0000
1621.0000
1580.0000
1612.0000
1581.0000
1572.0000
1523.0000
1631.0000
1615.0000
1507.0000
1495.0000
1541.0000
1536.0000
1550.0000
1571.0000
1525.0000
1562.0000
1573.0000
1693.0000
1705.0000
1711.0000
1612.0000
1816.0000
1715.0000
1599.0000
1691.0000
1729.0000
1589.0000
1578.0000
1655.0000
1851.0000
1836.0000
1949.0000
1962.0000
2005.0000
1831.0000
1685.0000
1743.0000
1722.0000
1771.0000
1825.0000
1769.0000
1805.0000
1807.0000
1769.0000
1723.0000
1785.0000
1799.0000
1807.0000
1740.0000
1670.0000
1755.0000
1704.0000
1728.0000
1760.0000
1848.0000
1939.0000
1963.0000
2018.0000
2080.0000
2114.0000
2188.0000
2091.0000
2101.0000
1989.0000
1946.0000
2080.0000
1987.0000
1896.0000
1959.0000
1928.0000
2057.0000
2067.0000
2203.0000
2141.0000
2132.0000
2025.0000
2057.0000
2096.0000
2173.0000
2085.0000
2207.0000
2218.0000
2291.0000
2304.0000
2336.0000
2355.0000
2360.0000
2348.0000
2261.0000
2241.0000
2323.0000
2311.0000
2220.0000
2248.0000
2188.0000
2179.0000
2173.0000
2152.0000
2233.0000
2150.0000
2233.0000
2191.0000
2134.0000
2259.0000
2296.0000
2356.0000
2396.0000
2259.0000
2377.0000
2400.0000
2408.0000
2427.0000
2484.0000
2547.0000
2592.0000
2413.0000
2450.0000
2426.0000
2543.0000
2546.0000
2487.0000
2430.0000
2494.0000
2476.0000
2342.0000
2359.0000
2469.0000
2438.0000
2581.0000
2481.0000
2503.0000
2448.0000
2471.0000
2454.0000
2383.0000
2386.0000
2498.0000
2429.0000
2442.0000
2391.0000
2379.0000
2233.0000
2177.0000
2159.0000
2153.0000
2176.0000
2271.0000
2336.0000
2157.0000
2144.0000
2101.0000
2010.0000
1972.0000
2047.0000
2035.0000
1978.0000
2015.0000
1936.0000
2015.0000
2077.0000
2112.0000
2035.0000
2115.0000
2193.0000
1955.0000
2147.0000
2163.0000
2152.0000
2055.0000
2103.0000
2206.0000
2295.0000
2372.0000
2347.0000
2323.0000
2261.0000
2130.0000
2211.0000
2256.0000
2147.0000
2150.0000
2120.0000
2089.0000
2103.0000
2069.0000
1989.0000
1945.0000
1977.0000
1970.0000
1921.0000
1801.0000
1781.0000
1764.0000
1735.0000
1830.0000
1906.0000
1975.0000
1949.0000
2056.0000
2203.0000
2271.0000
2145.0000
2146.0000
2225.0000
2201.0000
2171.0000
2127.0000
2058.0000
2083.0000
2015.0000
2026.0000
1982.0000
1838.0000
1907.0000
1866.0000
1971.0000
2019.0000
1991.0000
1936.0000
1923.0000
1823.0000
1865.0000
1760.0000
1794.0000
1631.0000
1501.0000
1597.0000
1591.0000
1636.0000
1636.0000
1807.0000
1677.0000
1840.0000
1769.0000
1799.0000
1742.0000
1797.0000
1867.0000
1796.0000
1836.0000
1668.0000
1722.0000
1753.0000
1689.0000
1710.0000
1674.0000
1625.0000
1755.0000
1739.0000
1718.0000
1615.0000
1811.0000
1807.0000
1848.0000
1902.0000
1891.0000
1959.0000
2050.0000
1891.0000
1969.0000
1972.0000
1917.0000
1969.0000
2085.0000
2041.0000
2019.0000
1977.0000
1944.0000
2005.0000
2029.0000
1955.0000
2028.0000
2031.0000
2151.0000
2193.0000
2081.0000
1972.0000
2000.0000
1927.0000
2021.0000
2128.0000
2048.0000
1941.0000
1839.0000
2040.0000
1908.0000
1853.0000
1947.0000
2014.0000
2015.0000
1975.0000
2142.0000
2130.0000
2283.0000
2180.0000
2262.0000
2380.0000
2419.0000
2389.0000
2405.0000
2419.0000
2359.0000
2249.0000
2200.0000
2337.0000
2412.0000
2377.0000
2313.0000
2261.0000
2287.0000
2287.0000
2336.0000
2294.0000
2353.0000
2275.0000
2218.0000
2260.0000
2245.0000
2260.0000
2363.0000
2315.0000
2416.0000
2409.0000
2461.0000
2370.0000
2378.0000
2281.0000
2339.0000
2220.0000
2300.0000
2377.0000
2383.0000
2250.0000
2281.0000
2193.0000
2252.0000
2366.0000
2405.0000
2502.0000
2425.0000
2311.0000
2450.0000
2479.0000
2583.0000
2561.0000
2546.0000
2590.0000
2643.0000
2501.0000
2488.0000
2461.0000
2489.0000
2591.0000
2524.0000
2461.0000
2425.0000
2501.0000
2390.0000
2424.0000
2473.0000
2443.0000
2451.0000
2434.0000
2443.0000
2457.0000
2399.0000
2401.0000
2497.0000
2456.0000
2450.0000
2578.0000
2613.0000
2564.0000
2558.0000
2542.0000
2706.0000
2545.0000
2646.0000
2651.0000
2627.0000
2707.0000
2696.0000
2716.0000
2653.0000
2611.0000
2869.0000
2760.0000
2675.0000
2673.0000
2685.0000
2677.0000
2683.0000
2724.0000
2691.0000
2599.0000
2530.0000
2495.0000
2443.0000
2427.0000
2375.0000
2408.0000
2376.0000
2310.0000
2261.0000
2191.0000
2198.0000
2115.0000
2083.0000
2126.0000
2119.0000
2059.0000
2058.0000
2029.0000
1963.0000
1977.0000
1962.0000
1979.0000
1973.0000
1976.0000
2088.0000
2050.0000
2163.0000
2045.0000
2038.0000
1947.0000
1915.0000
1785.0000
1731.0000
1878.0000
1894.0000
1928.0000
1952.0000
1939.0000
1895.0000
2022.0000
2064.0000
2115.0000
2195.0000
2164.0000
2061.0000
2086.0000
2147.0000
2177.0000
2130.0000
2069.0000
1979.0000
2033.0000
1941.0000
1908.0000
1819.0000
1787.0000
1879.0000
1950.0000
1940.0000
1892.0000
1811.0000
1770.0000
1873.0000
1845.0000
1867.0000
1794.0000
1765.0000
1727.0000
1751.0000
1623.0000
1513.0000
1463.0000
1457.0000
1429.0000
1661.0000
1588.0000
1432.0000
1350.0000
1396.0000
1500.0000
1471.0000
1493.0000
1503.0000
1448.0000
1490.0000
1591.0000
1520.0000
1611.0000
1729.0000
1666.0000
1726.0000
1750.0000
1791.0000
1778.0000
1765.0000
1821.0000
1819.0000
1867.0000
1823.0000
1900.0000
1841.0000
1779.0000
1869.0000
1886.0000
1817.0000
1743.0000
1696.0000
1747.0000
1764.0000
1741.0000
1750.0000
1633.0000
1608.0000
1685.0000
1675.0000
1693.0000
1629.0000
1623.0000
1820.0000
1884.0000
1942.0000
1862.0000
1811.0000
1812.0000
1749.0000
1846.0000
1922.0000
1919.0000
1929.0000
1866.0000
1839.0000
1559.0000
1190.0000
909.0000
1211.0000
1036.0000
403.0000
90.0000
3.0000
0.0000
0.0000
0.0000
0.0000
5.0000
0.0000
0.0000
0.0000
0.0000
0.0000
0.0000
8.0000
4.0000
8.0000
0.0000
7.0000
0.0000
0.0000
0.0000
627.0000
971.0000
1333.0000
1565.0000
1658.0000
2251.0000
3049.0000
3458.0000
